<?xml version="1.0" encoding="UTF-8"?>
<testng-results total="1" passed="1" failed="0" skipped="0">
  <reporter-output>
  </reporter-output>
  <suite started-at="2023-03-31T16:09:43Z" name="Suite" finished-at="2023-03-31T16:09:48Z" duration-ms="4232">
    <groups>
    </groups>
    <test started-at="2023-03-31T16:09:43Z" name="Test" finished-at="2023-03-31T16:09:48Z" duration-ms="4232">
      <class name="com.testcases.Login">
        <test-method is-config="true" signature="setUpSuit()[pri:0, instance:com.testcases.Login@41005828]" started-at="2023-03-31T21:39:43Z" name="setUpSuit" finished-at="2023-03-31T21:39:43Z" duration-ms="138" status="PASS">
          <reporter-output>
          </reporter-output>
        </test-method> <!-- setUpSuit -->
        <test-method is-config="true" signature="setup()[pri:0, instance:com.testcases.Login@41005828]" started-at="2023-03-31T21:39:43Z" name="setup" finished-at="2023-03-31T21:39:45Z" duration-ms="1615" status="PASS">
          <reporter-output>
          </reporter-output>
        </test-method> <!-- setup -->
        <test-method signature="loginApp()[pri:0, instance:com.testcases.Login@41005828]" started-at="2023-03-31T21:39:45Z" name="loginApp" finished-at="2023-03-31T21:39:47Z" duration-ms="2266" status="PASS">
          <reporter-output>
          </reporter-output>
        </test-method> <!-- loginApp -->
        <test-method is-config="true" signature="teardownMethod(org.testng.ITestResult)[pri:0, instance:com.testcases.Login@41005828]" started-at="2023-03-31T21:39:47Z" name="teardownMethod" finished-at="2023-03-31T21:39:48Z" duration-ms="194" status="PASS">
          <params>
            <param index="0">
              <value>
                <![CDATA[[TestResult name=loginApp status=SUCCESS method=Login.loginApp()[pri:0, instance:com.testcases.Login@41005828] output={null}]]]>
              </value>
            </param>
          </params>
          <reporter-output>
          </reporter-output>
        </test-method> <!-- teardownMethod -->
        <test-method is-config="true" signature="teardown()[pri:0, instance:com.testcases.Login@41005828]" started-at="2023-03-31T21:39:48Z" name="teardown" finished-at="2023-03-31T21:39:48Z" duration-ms="144" status="PASS">
          <reporter-output>
          </reporter-output>
        </test-method> <!-- teardown -->
      </class> <!-- com.testcases.Login -->
    </test> <!-- Test -->
  </suite> <!-- Suite -->
</testng-results>
